#
# There is insufficient memory for the Java Runtime Environment to continue.
# Native memory allocation (malloc) failed to allocate 594416 bytes for Chunk::new
# Possible reasons:
#   The system is out of physical RAM or swap space
#   The process is running with CompressedOops enabled, and the Java Heap may be blocking the growth of the native heap
# Possible solutions:
#   Reduce memory load on the system
#   Increase physical memory or swap space
#   Check if swap backing store is full
#   Decrease Java heap size (-Xmx/-Xms)
#   Decrease number of Java threads
#   Decrease Java thread stack sizes (-Xss)
#   Set larger code cache with -XX:ReservedCodeCacheSize=
#   JVM is running with Zero Based Compressed Oops mode in which the Java heap is
#     placed in the first 32GB address space. The Java Heap base address is the
#     maximum limit for the native heap growth. Please use -XX:HeapBaseMinAddress
#     to set the Java Heap base and to place the Java Heap above 32GB virtual address.
# This output file may be truncated or incomplete.
#
#  Out of Memory Error (arena.cpp:189), pid=18060, tid=16796
#
# JRE version: Java(TM) SE Runtime Environment (17.0.2+8) (build 17.0.2+8-LTS-86)
# Java VM: Java HotSpot(TM) 64-Bit Server VM (17.0.2+8-LTS-86, mixed mode, sharing, tiered, compressed oops, compressed class ptrs, g1 gc, windows-amd64)
# No core dump will be written. Minidumps are not enabled by default on client versions of Windows
#

---------------  S U M M A R Y ------------

Command Line: -agentlib:jdwp=transport=dt_socket,address=127.0.0.1:61499,suspend=y,server=n -javaagent:C:\Users\ENA\AppData\Local\JetBrains\IdeaIC2021.3\captureAgent\debugger-agent.jar=file:/C:/Users/ENA/AppData/Local/Temp/capture.props -Dfile.encoding=UTF-8 com.n11.RestaurantsApp.RestaurantsAppApplication

Host: Intel(R) Core(TM) i7-7700HQ CPU @ 2.80GHz, 8 cores, 15G,  Windows 10 , 64 bit Build 19041 (10.0.19041.3636)
Time: Fri Mar 15 15:39:32 2024 Türkiye Standart Saati elapsed time: 3.100630 seconds (0d 0h 0m 3s)

---------------  T H R E A D  ---------------

Current thread (0x0000026c3426b1b0):  JavaThread "C2 CompilerThread0" daemon [_thread_in_native, id=16796, stack(0x000000c6c5d00000,0x000000c6c5e00000)]


Current CompileTask:
C2:   3100 1815   !   4       jdk.internal.loader.URLClassPath$JarLoader::getResource (354 bytes)

Stack: [0x000000c6c5d00000,0x000000c6c5e00000]
Native frames: (J=compiled Java code, j=interpreted, Vv=VM code, C=native code)
V  [jvm.dll+0x670baa]
V  [jvm.dll+0x7cfcb4]
V  [jvm.dll+0x7d145e]
V  [jvm.dll+0x7d1ac3]
V  [jvm.dll+0x242bc5]
V  [jvm.dll+0xaa57b]
V  [jvm.dll+0xaab0c]
V  [jvm.dll+0x35fcb2]
V  [jvm.dll+0x32a331]
V  [jvm.dll+0x3297da]
V  [jvm.dll+0x215c91]
V  [jvm.dll+0x2150b1]
V  [jvm.dll+0x1a1bbd]
V  [jvm.dll+0x224908]
V  [jvm.dll+0x222a6c]
V  [jvm.dll+0x7859bb]
V  [jvm.dll+0x77ff7a]
V  [jvm.dll+0x66fa35]
C  [ucrtbase.dll+0x21bb2]
C  [KERNEL32.DLL+0x17344]
C  [ntdll.dll+0x526b1]


---------------  P R O C E S S  ---------------

Threads class SMR info:
_java_thread_list=0x0000026c35c829e0, length=19, elements={
0x0000026c1156a890, 0x0000026c3423ea60, 0x0000026c3423f7e0, 0x0000026c34255c60,
0x0000026c34258630, 0x0000026c34258ef0, 0x0000026c342597b0, 0x0000026c3426b1b0,
0x0000026c3426cac0, 0x0000026c34c08070, 0x0000026c34cc9590, 0x0000026c34d7d8f0,
0x0000026c34d6f220, 0x0000026c34d6faa0, 0x0000026c34e7d830, 0x0000026c356e1e80,
0x0000026c34e49270, 0x0000026c359f98b0, 0x0000026c3571a2e0
}

Java Threads: ( => current thread )
  0x0000026c1156a890 JavaThread "main" [_thread_blocked, id=5904, stack(0x000000c6c5000000,0x000000c6c5100000)]
  0x0000026c3423ea60 JavaThread "Reference Handler" daemon [_thread_blocked, id=20120, stack(0x000000c6c5700000,0x000000c6c5800000)]
  0x0000026c3423f7e0 JavaThread "Finalizer" daemon [_thread_blocked, id=4656, stack(0x000000c6c5800000,0x000000c6c5900000)]
  0x0000026c34255c60 JavaThread "Signal Dispatcher" daemon [_thread_blocked, id=22960, stack(0x000000c6c5900000,0x000000c6c5a00000)]
  0x0000026c34258630 JavaThread "Attach Listener" daemon [_thread_blocked, id=15144, stack(0x000000c6c5a00000,0x000000c6c5b00000)]
  0x0000026c34258ef0 JavaThread "Service Thread" daemon [_thread_blocked, id=9072, stack(0x000000c6c5b00000,0x000000c6c5c00000)]
  0x0000026c342597b0 JavaThread "Monitor Deflation Thread" daemon [_thread_blocked, id=14080, stack(0x000000c6c5c00000,0x000000c6c5d00000)]
=>0x0000026c3426b1b0 JavaThread "C2 CompilerThread0" daemon [_thread_in_native, id=16796, stack(0x000000c6c5d00000,0x000000c6c5e00000)]
  0x0000026c3426cac0 JavaThread "C1 CompilerThread0" daemon [_thread_in_vm, id=25440, stack(0x000000c6c5e00000,0x000000c6c5f00000)]
  0x0000026c34c08070 JavaThread "Sweeper thread" daemon [_thread_blocked, id=16168, stack(0x000000c6c5f00000,0x000000c6c6000000)]
  0x0000026c34cc9590 JavaThread "Common-Cleaner" daemon [_thread_blocked, id=24164, stack(0x000000c6c6000000,0x000000c6c6100000)]
  0x0000026c34d7d8f0 JavaThread "JDWP Transport Listener: dt_socket" daemon [_thread_blocked, id=16280, stack(0x000000c6c6100000,0x000000c6c6200000)]
  0x0000026c34d6f220 JavaThread "JDWP Event Helper Thread" daemon [_thread_blocked, id=19192, stack(0x000000c6c6200000,0x000000c6c6300000)]
  0x0000026c34d6faa0 JavaThread "JDWP Command Reader" daemon [_thread_in_native, id=22396, stack(0x000000c6c6300000,0x000000c6c6400000)]
  0x0000026c34e7d830 JavaThread "Notification Thread" daemon [_thread_blocked, id=16288, stack(0x000000c6c6400000,0x000000c6c6500000)]
  0x0000026c356e1e80 JavaThread "C2 CompilerThread1" daemon [_thread_in_native, id=15572, stack(0x000000c6c6600000,0x000000c6c6700000)]
  0x0000026c34e49270 JavaThread "Thread-0" [_thread_blocked, id=25520, stack(0x000000c6c6e00000,0x000000c6c6f00000)]
  0x0000026c359f98b0 JavaThread "restartedMain" [_thread_in_Java, id=8612, stack(0x000000c6c6f00000,0x000000c6c7000000)]
  0x0000026c3571a2e0 JavaThread "background-preinit" [_thread_in_vm, id=6520, stack(0x000000c6c7000000,0x000000c6c7100000)]

Other Threads:
  0x0000026c34237680 VMThread "VM Thread" [stack: 0x000000c6c5600000,0x000000c6c5700000] [id=10672]
  0x0000026c34e5f490 WatcherThread [stack: 0x000000c6c6500000,0x000000c6c6600000] [id=11228]
  0x0000026c0f4be7f0 GCTaskThread "GC Thread#0" [stack: 0x000000c6c5100000,0x000000c6c5200000] [id=13236]
  0x0000026c357aa200 GCTaskThread "GC Thread#1" [stack: 0x000000c6c6700000,0x000000c6c6800000] [id=6064]
  0x0000026c3599d960 GCTaskThread "GC Thread#2" [stack: 0x000000c6c6800000,0x000000c6c6900000] [id=20160]
  0x0000026c3599dc10 GCTaskThread "GC Thread#3" [stack: 0x000000c6c6900000,0x000000c6c6a00000] [id=3372]
  0x0000026c3599dec0 GCTaskThread "GC Thread#4" [stack: 0x000000c6c6a00000,0x000000c6c6b00000] [id=22848]
  0x0000026c35b2fc60 GCTaskThread "GC Thread#5" [stack: 0x000000c6c6b00000,0x000000c6c6c00000] [id=19584]
  0x0000026c35760d80 GCTaskThread "GC Thread#6" [stack: 0x000000c6c6c00000,0x000000c6c6d00000] [id=20644]
  0x0000026c35761030 GCTaskThread "GC Thread#7" [stack: 0x000000c6c6d00000,0x000000c6c6e00000] [id=12916]
  0x0000026c115c7440 ConcurrentGCThread "G1 Main Marker" [stack: 0x000000c6c5200000,0x000000c6c5300000] [id=22208]
  0x0000026c115c7d60 ConcurrentGCThread "G1 Conc#0" [stack: 0x000000c6c5300000,0x000000c6c5400000] [id=16604]
  0x0000026c11621360 ConcurrentGCThread "G1 Refine#0" [stack: 0x000000c6c5400000,0x000000c6c5500000] [id=12852]
  0x0000026c11621c90 ConcurrentGCThread "G1 Service" [stack: 0x000000c6c5500000,0x000000c6c5600000] [id=4116]

Threads with active compile tasks:
C2 CompilerThread0     3158 1815   !   4       jdk.internal.loader.URLClassPath$JarLoader::getResource (354 bytes)
C1 CompilerThread0     3158 1915       3       org.springframework.core.annotation.AnnotationsScanner::getDeclaredAnnotations (166 bytes)
C2 CompilerThread1     3158 1881   !   4       java.util.zip.ZipFile$Source::getEntryPos (173 bytes)

VM state: not at safepoint (normal execution)

VM Mutex/Monitor currently owned by a thread: None

Heap address: 0x0000000701c00000, size: 4068 MB, Compressed Oops mode: Zero based, Oop shift amount: 3

CDS archive(s) mapped at: [0x0000000800000000-0x0000000800bc0000-0x0000000800bc0000), size 12320768, SharedBaseAddress: 0x0000000800000000, ArchiveRelocationMode: 0.
Compressed class space mapped at: 0x0000000800c00000-0x0000000840c00000, reserved size: 1073741824
Narrow klass base: 0x0000000800000000, Narrow klass shift: 0, Narrow klass range: 0x100000000

GC Precious Log:
 CPUs: 8 total, 8 available
 Memory: 16264M
 Large Page Support: Disabled
 NUMA Support: Disabled
 Compressed Oops: Enabled (Zero based)
 Heap Region Size: 2M
 Heap Min Capacity: 8M
 Heap Initial Capacity: 256M
 Heap Max Capacity: 4068M
 Pre-touch: Disabled
 Parallel Workers: 8
 Concurrent Workers: 2
 Concurrent Refinement Workers: 8
 Periodic GC: Disabled

Heap:
 garbage-first heap   total 262144K, used 26253K [0x0000000701c00000, 0x0000000800000000)
  region size 2048K, 11 young (22528K), 1 survivors (2048K)
 Metaspace       used 13641K, committed 13888K, reserved 1064960K
  class space    used 1810K, committed 1920K, reserved 1048576K

Heap Regions: E=young(eden), S=young(survivor), O=old, HS=humongous(starts), HC=humongous(continues), CS=collection set, F=free, OA=open archive, CA=closed archive, TAMS=top-at-mark-start (previous, next)
|   0|0x0000000701c00000, 0x0000000701e00000, 0x0000000701e00000|100%| O|  |TAMS 0x0000000701c00000, 0x0000000701c00000| Untracked 
|   1|0x0000000701e00000, 0x0000000702000000, 0x0000000702000000|100%| O|  |TAMS 0x0000000701e00000, 0x0000000701e00000| Untracked 
|   2|0x0000000702000000, 0x00000007021c9c00, 0x0000000702200000| 89%| O|  |TAMS 0x0000000702000000, 0x0000000702000000| Untracked 
|   3|0x0000000702200000, 0x0000000702200000, 0x0000000702400000|  0%| F|  |TAMS 0x0000000702200000, 0x0000000702200000| Untracked 
|   4|0x0000000702400000, 0x0000000702400000, 0x0000000702600000|  0%| F|  |TAMS 0x0000000702400000, 0x0000000702400000| Untracked 
|   5|0x0000000702600000, 0x0000000702600000, 0x0000000702800000|  0%| F|  |TAMS 0x0000000702600000, 0x0000000702600000| Untracked 
|   6|0x0000000702800000, 0x0000000702800000, 0x0000000702a00000|  0%| F|  |TAMS 0x0000000702800000, 0x0000000702800000| Untracked 
|   7|0x0000000702a00000, 0x0000000702a00000, 0x0000000702c00000|  0%| F|  |TAMS 0x0000000702a00000, 0x0000000702a00000| Untracked 
|   8|0x0000000702c00000, 0x0000000702c00000, 0x0000000702e00000|  0%| F|  |TAMS 0x0000000702c00000, 0x0000000702c00000| Untracked 
|   9|0x0000000702e00000, 0x0000000702e00000, 0x0000000703000000|  0%| F|  |TAMS 0x0000000702e00000, 0x0000000702e00000| Untracked 
|  10|0x0000000703000000, 0x0000000703000000, 0x0000000703200000|  0%| F|  |TAMS 0x0000000703000000, 0x0000000703000000| Untracked 
|  11|0x0000000703200000, 0x0000000703200000, 0x0000000703400000|  0%| F|  |TAMS 0x0000000703200000, 0x0000000703200000| Untracked 
|  12|0x0000000703400000, 0x0000000703400000, 0x0000000703600000|  0%| F|  |TAMS 0x0000000703400000, 0x0000000703400000| Untracked 
|  13|0x0000000703600000, 0x0000000703600000, 0x0000000703800000|  0%| F|  |TAMS 0x0000000703600000, 0x0000000703600000| Untracked 
|  14|0x0000000703800000, 0x0000000703800000, 0x0000000703a00000|  0%| F|  |TAMS 0x0000000703800000, 0x0000000703800000| Untracked 
|  15|0x0000000703a00000, 0x0000000703a00000, 0x0000000703c00000|  0%| F|  |TAMS 0x0000000703a00000, 0x0000000703a00000| Untracked 
|  16|0x0000000703c00000, 0x0000000703c00000, 0x0000000703e00000|  0%| F|  |TAMS 0x0000000703c00000, 0x0000000703c00000| Untracked 
|  17|0x0000000703e00000, 0x0000000703e00000, 0x0000000704000000|  0%| F|  |TAMS 0x0000000703e00000, 0x0000000703e00000| Untracked 
|  18|0x0000000704000000, 0x0000000704000000, 0x0000000704200000|  0%| F|  |TAMS 0x0000000704000000, 0x0000000704000000| Untracked 
|  19|0x0000000704200000, 0x0000000704200000, 0x0000000704400000|  0%| F|  |TAMS 0x0000000704200000, 0x0000000704200000| Untracked 
|  20|0x0000000704400000, 0x0000000704400000, 0x0000000704600000|  0%| F|  |TAMS 0x0000000704400000, 0x0000000704400000| Untracked 
|  21|0x0000000704600000, 0x0000000704600000, 0x0000000704800000|  0%| F|  |TAMS 0x0000000704600000, 0x0000000704600000| Untracked 
|  22|0x0000000704800000, 0x0000000704800000, 0x0000000704a00000|  0%| F|  |TAMS 0x0000000704800000, 0x0000000704800000| Untracked 
|  23|0x0000000704a00000, 0x0000000704a00000, 0x0000000704c00000|  0%| F|  |TAMS 0x0000000704a00000, 0x0000000704a00000| Untracked 
|  24|0x0000000704c00000, 0x0000000704c00000, 0x0000000704e00000|  0%| F|  |TAMS 0x0000000704c00000, 0x0000000704c00000| Untracked 
|  25|0x0000000704e00000, 0x0000000704e00000, 0x0000000705000000|  0%| F|  |TAMS 0x0000000704e00000, 0x0000000704e00000| Untracked 
|  26|0x0000000705000000, 0x0000000705000000, 0x0000000705200000|  0%| F|  |TAMS 0x0000000705000000, 0x0000000705000000| Untracked 
|  27|0x0000000705200000, 0x0000000705200000, 0x0000000705400000|  0%| F|  |TAMS 0x0000000705200000, 0x0000000705200000| Untracked 
|  28|0x0000000705400000, 0x0000000705400000, 0x0000000705600000|  0%| F|  |TAMS 0x0000000705400000, 0x0000000705400000| Untracked 
|  29|0x0000000705600000, 0x0000000705600000, 0x0000000705800000|  0%| F|  |TAMS 0x0000000705600000, 0x0000000705600000| Untracked 
|  30|0x0000000705800000, 0x0000000705800000, 0x0000000705a00000|  0%| F|  |TAMS 0x0000000705800000, 0x0000000705800000| Untracked 
|  31|0x0000000705a00000, 0x0000000705a00000, 0x0000000705c00000|  0%| F|  |TAMS 0x0000000705a00000, 0x0000000705a00000| Untracked 
|  32|0x0000000705c00000, 0x0000000705c00000, 0x0000000705e00000|  0%| F|  |TAMS 0x0000000705c00000, 0x0000000705c00000| Untracked 
|  33|0x0000000705e00000, 0x0000000705e00000, 0x0000000706000000|  0%| F|  |TAMS 0x0000000705e00000, 0x0000000705e00000| Untracked 
|  34|0x0000000706000000, 0x0000000706000000, 0x0000000706200000|  0%| F|  |TAMS 0x0000000706000000, 0x0000000706000000| Untracked 
|  35|0x0000000706200000, 0x0000000706200000, 0x0000000706400000|  0%| F|  |TAMS 0x0000000706200000, 0x0000000706200000| Untracked 
|  36|0x0000000706400000, 0x0000000706400000, 0x0000000706600000|  0%| F|  |TAMS 0x0000000706400000, 0x0000000706400000| Untracked 
|  37|0x0000000706600000, 0x0000000706600000, 0x0000000706800000|  0%| F|  |TAMS 0x0000000706600000, 0x0000000706600000| Untracked 
|  38|0x0000000706800000, 0x0000000706800000, 0x0000000706a00000|  0%| F|  |TAMS 0x0000000706800000, 0x0000000706800000| Untracked 
|  39|0x0000000706a00000, 0x0000000706a00000, 0x0000000706c00000|  0%| F|  |TAMS 0x0000000706a00000, 0x0000000706a00000| Untracked 
|  40|0x0000000706c00000, 0x0000000706c00000, 0x0000000706e00000|  0%| F|  |TAMS 0x0000000706c00000, 0x0000000706c00000| Untracked 
|  41|0x0000000706e00000, 0x0000000706e00000, 0x0000000707000000|  0%| F|  |TAMS 0x0000000706e00000, 0x0000000706e00000| Untracked 
|  42|0x0000000707000000, 0x0000000707000000, 0x0000000707200000|  0%| F|  |TAMS 0x0000000707000000, 0x0000000707000000| Untracked 
|  43|0x0000000707200000, 0x0000000707200000, 0x0000000707400000|  0%| F|  |TAMS 0x0000000707200000, 0x0000000707200000| Untracked 
|  44|0x0000000707400000, 0x0000000707400000, 0x0000000707600000|  0%| F|  |TAMS 0x0000000707400000, 0x0000000707400000| Untracked 
|  45|0x0000000707600000, 0x0000000707600000, 0x0000000707800000|  0%| F|  |TAMS 0x0000000707600000, 0x0000000707600000| Untracked 
|  46|0x0000000707800000, 0x0000000707800000, 0x0000000707a00000|  0%| F|  |TAMS 0x0000000707800000, 0x0000000707800000| Untracked 
|  47|0x0000000707a00000, 0x0000000707a00000, 0x0000000707c00000|  0%| F|  |TAMS 0x0000000707a00000, 0x0000000707a00000| Untracked 
|  48|0x0000000707c00000, 0x0000000707c00000, 0x0000000707e00000|  0%| F|  |TAMS 0x0000000707c00000, 0x0000000707c00000| Untracked 
|  49|0x0000000707e00000, 0x0000000707e00000, 0x0000000708000000|  0%| F|  |TAMS 0x0000000707e00000, 0x0000000707e00000| Untracked 
|  50|0x0000000708000000, 0x0000000708000000, 0x0000000708200000|  0%| F|  |TAMS 0x0000000708000000, 0x0000000708000000| Untracked 
|  51|0x0000000708200000, 0x0000000708200000, 0x0000000708400000|  0%| F|  |TAMS 0x0000000708200000, 0x0000000708200000| Untracked 
|  52|0x0000000708400000, 0x0000000708400000, 0x0000000708600000|  0%| F|  |TAMS 0x0000000708400000, 0x0000000708400000| Untracked 
|  53|0x0000000708600000, 0x0000000708600000, 0x0000000708800000|  0%| F|  |TAMS 0x0000000708600000, 0x0000000708600000| Untracked 
|  54|0x0000000708800000, 0x0000000708800000, 0x0000000708a00000|  0%| F|  |TAMS 0x0000000708800000, 0x0000000708800000| Untracked 
|  55|0x0000000708a00000, 0x0000000708a00000, 0x0000000708c00000|  0%| F|  |TAMS 0x0000000708a00000, 0x0000000708a00000| Untracked 
|  56|0x0000000708c00000, 0x0000000708c00000, 0x0000000708e00000|  0%| F|  |TAMS 0x0000000708c00000, 0x0000000708c00000| Untracked 
|  57|0x0000000708e00000, 0x0000000708e00000, 0x0000000709000000|  0%| F|  |TAMS 0x0000000708e00000, 0x0000000708e00000| Untracked 
|  58|0x0000000709000000, 0x0000000709000000, 0x0000000709200000|  0%| F|  |TAMS 0x0000000709000000, 0x0000000709000000| Untracked 
|  59|0x0000000709200000, 0x0000000709200000, 0x0000000709400000|  0%| F|  |TAMS 0x0000000709200000, 0x0000000709200000| Untracked 
|  60|0x0000000709400000, 0x0000000709400000, 0x0000000709600000|  0%| F|  |TAMS 0x0000000709400000, 0x0000000709400000| Untracked 
|  61|0x0000000709600000, 0x0000000709600000, 0x0000000709800000|  0%| F|  |TAMS 0x0000000709600000, 0x0000000709600000| Untracked 
|  62|0x0000000709800000, 0x0000000709800000, 0x0000000709a00000|  0%| F|  |TAMS 0x0000000709800000, 0x0000000709800000| Untracked 
|  63|0x0000000709a00000, 0x0000000709a00000, 0x0000000709c00000|  0%| F|  |TAMS 0x0000000709a00000, 0x0000000709a00000| Untracked 
|  64|0x0000000709c00000, 0x0000000709c00000, 0x0000000709e00000|  0%| F|  |TAMS 0x0000000709c00000, 0x0000000709c00000| Untracked 
|  65|0x0000000709e00000, 0x0000000709e00000, 0x000000070a000000|  0%| F|  |TAMS 0x0000000709e00000, 0x0000000709e00000| Untracked 
|  66|0x000000070a000000, 0x000000070a000000, 0x000000070a200000|  0%| F|  |TAMS 0x000000070a000000, 0x000000070a000000| Untracked 
|  67|0x000000070a200000, 0x000000070a200000, 0x000000070a400000|  0%| F|  |TAMS 0x000000070a200000, 0x000000070a200000| Untracked 
|  68|0x000000070a400000, 0x000000070a400000, 0x000000070a600000|  0%| F|  |TAMS 0x000000070a400000, 0x000000070a400000| Untracked 
|  69|0x000000070a600000, 0x000000070a600000, 0x000000070a800000|  0%| F|  |TAMS 0x000000070a600000, 0x000000070a600000| Untracked 
|  70|0x000000070a800000, 0x000000070a800000, 0x000000070aa00000|  0%| F|  |TAMS 0x000000070a800000, 0x000000070a800000| Untracked 
|  71|0x000000070aa00000, 0x000000070aa00000, 0x000000070ac00000|  0%| F|  |TAMS 0x000000070aa00000, 0x000000070aa00000| Untracked 
|  72|0x000000070ac00000, 0x000000070ac00000, 0x000000070ae00000|  0%| F|  |TAMS 0x000000070ac00000, 0x000000070ac00000| Untracked 
|  73|0x000000070ae00000, 0x000000070ae00000, 0x000000070b000000|  0%| F|  |TAMS 0x000000070ae00000, 0x000000070ae00000| Untracked 
|  74|0x000000070b000000, 0x000000070b000000, 0x000000070b200000|  0%| F|  |TAMS 0x000000070b000000, 0x000000070b000000| Untracked 
|  75|0x000000070b200000, 0x000000070b200000, 0x000000070b400000|  0%| F|  |TAMS 0x000000070b200000, 0x000000070b200000| Untracked 
|  76|0x000000070b400000, 0x000000070b400000, 0x000000070b600000|  0%| F|  |TAMS 0x000000070b400000, 0x000000070b400000| Untracked 
|  77|0x000000070b600000, 0x000000070b600000, 0x000000070b800000|  0%| F|  |TAMS 0x000000070b600000, 0x000000070b600000| Untracked 
|  78|0x000000070b800000, 0x000000070b800000, 0x000000070ba00000|  0%| F|  |TAMS 0x000000070b800000, 0x000000070b800000| Untracked 
|  79|0x000000070ba00000, 0x000000070ba00000, 0x000000070bc00000|  0%| F|  |TAMS 0x000000070ba00000, 0x000000070ba00000| Untracked 
|  80|0x000000070bc00000, 0x000000070bc00000, 0x000000070be00000|  0%| F|  |TAMS 0x000000070bc00000, 0x000000070bc00000| Untracked 
|  81|0x000000070be00000, 0x000000070be00000, 0x000000070c000000|  0%| F|  |TAMS 0x000000070be00000, 0x000000070be00000| Untracked 
|  82|0x000000070c000000, 0x000000070c000000, 0x000000070c200000|  0%| F|  |TAMS 0x000000070c000000, 0x000000070c000000| Untracked 
|  83|0x000000070c200000, 0x000000070c200000, 0x000000070c400000|  0%| F|  |TAMS 0x000000070c200000, 0x000000070c200000| Untracked 
|  84|0x000000070c400000, 0x000000070c400000, 0x000000070c600000|  0%| F|  |TAMS 0x000000070c400000, 0x000000070c400000| Untracked 
|  85|0x000000070c600000, 0x000000070c600000, 0x000000070c800000|  0%| F|  |TAMS 0x000000070c600000, 0x000000070c600000| Untracked 
|  86|0x000000070c800000, 0x000000070c800000, 0x000000070ca00000|  0%| F|  |TAMS 0x000000070c800000, 0x000000070c800000| Untracked 
|  87|0x000000070ca00000, 0x000000070ca00000, 0x000000070cc00000|  0%| F|  |TAMS 0x000000070ca00000, 0x000000070ca00000| Untracked 
|  88|0x000000070cc00000, 0x000000070cc00000, 0x000000070ce00000|  0%| F|  |TAMS 0x000000070cc00000, 0x000000070cc00000| Untracked 
|  89|0x000000070ce00000, 0x000000070ce00000, 0x000000070d000000|  0%| F|  |TAMS 0x000000070ce00000, 0x000000070ce00000| Untracked 
|  90|0x000000070d000000, 0x000000070d000000, 0x000000070d200000|  0%| F|  |TAMS 0x000000070d000000, 0x000000070d000000| Untracked 
|  91|0x000000070d200000, 0x000000070d200000, 0x000000070d400000|  0%| F|  |TAMS 0x000000070d200000, 0x000000070d200000| Untracked 
|  92|0x000000070d400000, 0x000000070d400000, 0x000000070d600000|  0%| F|  |TAMS 0x000000070d400000, 0x000000070d400000| Untracked 
|  93|0x000000070d600000, 0x000000070d600000, 0x000000070d800000|  0%| F|  |TAMS 0x000000070d600000, 0x000000070d600000| Untracked 
|  94|0x000000070d800000, 0x000000070d800000, 0x000000070da00000|  0%| F|  |TAMS 0x000000070d800000, 0x000000070d800000| Untracked 
|  95|0x000000070da00000, 0x000000070da00000, 0x000000070dc00000|  0%| F|  |TAMS 0x000000070da00000, 0x000000070da00000| Untracked 
|  96|0x000000070dc00000, 0x000000070dc00000, 0x000000070de00000|  0%| F|  |TAMS 0x000000070dc00000, 0x000000070dc00000| Untracked 
|  97|0x000000070de00000, 0x000000070de00000, 0x000000070e000000|  0%| F|  |TAMS 0x000000070de00000, 0x000000070de00000| Untracked 
|  98|0x000000070e000000, 0x000000070e000000, 0x000000070e200000|  0%| F|  |TAMS 0x000000070e000000, 0x000000070e000000| Untracked 
|  99|0x000000070e200000, 0x000000070e200000, 0x000000070e400000|  0%| F|  |TAMS 0x000000070e200000, 0x000000070e200000| Untracked 
| 100|0x000000070e400000, 0x000000070e400000, 0x000000070e600000|  0%| F|  |TAMS 0x000000070e400000, 0x000000070e400000| Untracked 
| 101|0x000000070e600000, 0x000000070e600000, 0x000000070e800000|  0%| F|  |TAMS 0x000000070e600000, 0x000000070e600000| Untracked 
| 102|0x000000070e800000, 0x000000070e800000, 0x000000070ea00000|  0%| F|  |TAMS 0x000000070e800000, 0x000000070e800000| Untracked 
| 103|0x000000070ea00000, 0x000000070ea00000, 0x000000070ec00000|  0%| F|  |TAMS 0x000000070ea00000, 0x000000070ea00000| Untracked 
| 104|0x000000070ec00000, 0x000000070ec00000, 0x000000070ee00000|  0%| F|  |TAMS 0x000000070ec00000, 0x000000070ec00000| Untracked 
| 105|0x000000070ee00000, 0x000000070ee00000, 0x000000070f000000|  0%| F|  |TAMS 0x000000070ee00000, 0x000000070ee00000| Untracked 
| 106|0x000000070f000000, 0x000000070f000000, 0x000000070f200000|  0%| F|  |TAMS 0x000000070f000000, 0x000000070f000000| Untracked 
| 107|0x000000070f200000, 0x000000070f200000, 0x000000070f400000|  0%| F|  |TAMS 0x000000070f200000, 0x000000070f200000| Untracked 
| 108|0x000000070f400000, 0x000000070f400000, 0x000000070f600000|  0%| F|  |TAMS 0x000000070f400000, 0x000000070f400000| Untracked 
| 109|0x000000070f600000, 0x000000070f600000, 0x000000070f800000|  0%| F|  |TAMS 0x000000070f600000, 0x000000070f600000| Untracked 
| 110|0x000000070f800000, 0x000000070f800000, 0x000000070fa00000|  0%| F|  |TAMS 0x000000070f800000, 0x000000070f800000| Untracked 
| 111|0x000000070fa00000, 0x000000070fa00000, 0x000000070fc00000|  0%| F|  |TAMS 0x000000070fa00000, 0x000000070fa00000| Untracked 
| 112|0x000000070fc00000, 0x000000070fdd9930, 0x000000070fe00000| 92%| S|CS|TAMS 0x000000070fc00000, 0x000000070fc00000| Complete 
| 113|0x000000070fe00000, 0x000000070fe00000, 0x0000000710000000|  0%| F|  |TAMS 0x000000070fe00000, 0x000000070fe00000| Untracked 
| 114|0x0000000710000000, 0x0000000710000000, 0x0000000710200000|  0%| F|  |TAMS 0x0000000710000000, 0x0000000710000000| Untracked 
| 115|0x0000000710200000, 0x0000000710200000, 0x0000000710400000|  0%| F|  |TAMS 0x0000000710200000, 0x0000000710200000| Untracked 
| 116|0x0000000710400000, 0x0000000710400000, 0x0000000710600000|  0%| F|  |TAMS 0x0000000710400000, 0x0000000710400000| Untracked 
| 117|0x0000000710600000, 0x0000000710600000, 0x0000000710800000|  0%| F|  |TAMS 0x0000000710600000, 0x0000000710600000| Untracked 
| 118|0x0000000710800000, 0x0000000710981ae8, 0x0000000710a00000| 75%| E|  |TAMS 0x0000000710800000, 0x0000000710800000| Complete 
| 119|0x0000000710a00000, 0x0000000710c00000, 0x0000000710c00000|100%| E|CS|TAMS 0x0000000710a00000, 0x0000000710a00000| Complete 
| 120|0x0000000710c00000, 0x0000000710e00000, 0x0000000710e00000|100%| E|CS|TAMS 0x0000000710c00000, 0x0000000710c00000| Complete 
| 121|0x0000000710e00000, 0x0000000711000000, 0x0000000711000000|100%| E|CS|TAMS 0x0000000710e00000, 0x0000000710e00000| Complete 
| 122|0x0000000711000000, 0x0000000711200000, 0x0000000711200000|100%| E|CS|TAMS 0x0000000711000000, 0x0000000711000000| Complete 
| 123|0x0000000711200000, 0x0000000711400000, 0x0000000711400000|100%| E|CS|TAMS 0x0000000711200000, 0x0000000711200000| Complete 
| 124|0x0000000711400000, 0x0000000711600000, 0x0000000711600000|100%| E|CS|TAMS 0x0000000711400000, 0x0000000711400000| Complete 
| 125|0x0000000711600000, 0x0000000711800000, 0x0000000711800000|100%| E|CS|TAMS 0x0000000711600000, 0x0000000711600000| Complete 
| 126|0x0000000711800000, 0x0000000711a00000, 0x0000000711a00000|100%| E|CS|TAMS 0x0000000711800000, 0x0000000711800000| Complete 
| 127|0x0000000711a00000, 0x0000000711c00000, 0x0000000711c00000|100%| E|CS|TAMS 0x0000000711a00000, 0x0000000711a00000| Complete 

Card table byte_map: [0x0000026c288e0000,0x0000026c290e0000] _byte_map_base: 0x0000026c250d2000

Marking Bits (Prev, Next): (CMBitMap*) 0x0000026c115b6f10, (CMBitMap*) 0x0000026c115b6f50
 Prev Bits: [0x0000026c298e0000, 0x0000026c2d870000)
 Next Bits: [0x0000026c2d870000, 0x0000026c31800000)

Polling page: 0x0000026c10d30000

Metaspace:

Usage:
  Non-class:     11.62 MB used.
      Class:      1.78 MB used.
       Both:     13.40 MB used.

Virtual space:
  Non-class space:       16.00 MB reserved,      11.69 MB ( 73%) committed,  2 nodes.
      Class space:        1.00 GB reserved,       1.88 MB ( <1%) committed,  1 nodes.
             Both:        1.02 GB reserved,      13.56 MB (  1%) committed. 

Chunk freelists:
   Non-Class:  320.00 KB
       Class:  2.11 MB
        Both:  2.42 MB

MaxMetaspaceSize: unlimited
CompressedClassSpaceSize: 1.00 GB
Initial GC threshold: 21.00 MB
Current GC threshold: 21.00 MB
CDS: on
MetaspaceReclaimPolicy: balanced
 - commit_granule_bytes: 65536.
 - commit_granule_words: 8192.
 - virtual_space_node_default_size: 1048576.
 - enlarge_chunks_in_place: 1.
 - new_chunks_are_fully_committed: 0.
 - uncommit_free_chunks: 1.
 - use_allocation_guard: 0.
 - handle_deallocations: 1.


Internal statistics:

num_allocs_failed_limit: 0.
num_arena_births: 134.
num_arena_deaths: 0.
num_vsnodes_births: 3.
num_vsnodes_deaths: 0.
num_space_committed: 217.
num_space_uncommitted: 0.
num_chunks_returned_to_freelist: 0.
num_chunks_taken_from_freelist: 541.
num_chunk_merges: 0.
num_chunk_splits: 376.
num_chunks_enlarged: 303.
num_purges: 0.
num_inconsistent_stats: 0.

CodeHeap 'non-profiled nmethods': size=120000Kb used=782Kb max_used=782Kb free=119217Kb
 bounds [0x0000026c20880000, 0x0000026c20af0000, 0x0000026c27db0000]
CodeHeap 'profiled nmethods': size=120000Kb used=3665Kb max_used=3665Kb free=116334Kb
 bounds [0x0000026c19350000, 0x0000026c196f0000, 0x0000026c20880000]
CodeHeap 'non-nmethods': size=5760Kb used=1236Kb max_used=1276Kb free=4523Kb
 bounds [0x0000026c18db0000, 0x0000026c19020000, 0x0000026c19350000]
 total_blobs=2374 nmethods=1914 adapters=372
 compilation: enabled
              stopped_count=0, restarted_count=0
 full_count=0

Compilation events (20 events):
Event: 3.081 Thread 0x0000026c3426cac0 1858       3       java.lang.StringLatin1::compareTo (14 bytes)
Event: 3.081 Thread 0x0000026c3426cac0 nmethod 1858 0x0000026c196c4f10 code [0x0000026c196c50c0, 0x0000026c196c5208]
Event: 3.081 Thread 0x0000026c3426cac0 1861       3       org.springframework.util.StringUtils::replace (130 bytes)
Event: 3.083 Thread 0x0000026c3426cac0 nmethod 1861 0x0000026c196c5310 code [0x0000026c196c5620, 0x0000026c196c67d8]
Event: 3.083 Thread 0x0000026c3426cac0 1862       1       java.lang.invoke.MethodHandleImpl$IntrinsicMethodHandle::getTarget (5 bytes)
Event: 3.083 Thread 0x0000026c3426cac0 nmethod 1862 0x0000026c2093c210 code [0x0000026c2093c3a0, 0x0000026c2093c478]
Event: 3.084 Thread 0x0000026c3426cac0 1863       3       org.springframework.util.AntPathMatcher::isWildcardChar (38 bytes)
Event: 3.084 Thread 0x0000026c3426cac0 nmethod 1863 0x0000026c196c6f90 code [0x0000026c196c7140, 0x0000026c196c7378]
Event: 3.087 Thread 0x0000026c3426cac0 1864       1       java.util.regex.Pattern::lambda$ALL$3 (2 bytes)
Event: 3.087 Thread 0x0000026c3426cac0 nmethod 1864 0x0000026c2093c510 code [0x0000026c2093c6a0, 0x0000026c2093c758]
Event: 3.088 Thread 0x0000026c3426cac0 1865       3       org.springframework.util.AntPathMatcher::matchStrings (11 bytes)
Event: 3.089 Thread 0x0000026c3426cac0 nmethod 1865 0x0000026c196c7490 code [0x0000026c196c7640, 0x0000026c196c77f8]
Event: 3.089 Thread 0x0000026c3426cac0 1866       3       org.springframework.util.AntPathMatcher::getStringMatcher (98 bytes)
Event: 3.090 Thread 0x0000026c3426cac0 nmethod 1866 0x0000026c196c7910 code [0x0000026c196c7b40, 0x0000026c196c85d8]
Event: 3.090 Thread 0x0000026c3426cac0 1867       3       java.util.regex.Pattern$$Lambda$264/0x0000000800ceaa50::is (5 bytes)
Event: 3.090 Thread 0x0000026c3426cac0 nmethod 1867 0x0000026c196c8910 code [0x0000026c196c8aa0, 0x0000026c196c8c18]
Event: 3.090 Thread 0x0000026c3426cac0 1868       3       java.util.ArrayDeque::<init> (35 bytes)
Event: 3.090 Thread 0x0000026c3426cac0 nmethod 1868 0x0000026c196c8d10 code [0x0000026c196c8ec0, 0x0000026c196c9238]
Event: 3.090 Thread 0x0000026c3426cac0 1869       3       java.util.ArrayDeque::addFirst (51 bytes)
Event: 3.091 Thread 0x0000026c3426cac0 nmethod 1869 0x0000026c196c9310 code [0x0000026c196c94e0, 0x0000026c196c99d8]

GC Heap History (4 events):
Event: 1.513 GC heap before
{Heap before GC invocations=0 (full 0):
 garbage-first heap   total 262144K, used 22528K [0x0000000701c00000, 0x0000000800000000)
  region size 2048K, 11 young (22528K), 0 survivors (0K)
 Metaspace       used 4360K, committed 4608K, reserved 1056768K
  class space    used 458K, committed 576K, reserved 1048576K
}
Event: 1.524 GC heap after
{Heap after GC invocations=1 (full 0):
 garbage-first heap   total 262144K, used 5889K [0x0000000701c00000, 0x0000000800000000)
  region size 2048K, 2 young (4096K), 2 survivors (4096K)
 Metaspace       used 4360K, committed 4608K, reserved 1056768K
  class space    used 458K, committed 576K, reserved 1048576K
}
Event: 2.647 GC heap before
{Heap before GC invocations=1 (full 0):
 garbage-first heap   total 262144K, used 30465K [0x0000000701c00000, 0x0000000800000000)
  region size 2048K, 15 young (30720K), 2 survivors (4096K)
 Metaspace       used 9956K, committed 10176K, reserved 1064960K
  class space    used 1241K, committed 1344K, reserved 1048576K
}
Event: 2.653 GC heap after
{Heap after GC invocations=2 (full 0):
 garbage-first heap   total 262144K, used 7821K [0x0000000701c00000, 0x0000000800000000)
  region size 2048K, 1 young (2048K), 1 survivors (2048K)
 Metaspace       used 9956K, committed 10176K, reserved 1064960K
  class space    used 1241K, committed 1344K, reserved 1048576K
}

Deoptimization events (20 events):
Event: 3.066 Thread 0x0000026c359f98b0 DEOPT PACKING pc=0x0000026c194687dc sp=0x000000c6c6ffd3f0
Event: 3.066 Thread 0x0000026c359f98b0 DEOPT UNPACKING pc=0x0000026c18e02b43 sp=0x000000c6c6ffc8a8 mode 1
Event: 3.066 Thread 0x0000026c359f98b0 DEOPT PACKING pc=0x0000026c194f3abc sp=0x000000c6c6ffddd0
Event: 3.066 Thread 0x0000026c359f98b0 DEOPT UNPACKING pc=0x0000026c18e02b43 sp=0x000000c6c6ffd2c0 mode 1
Event: 3.071 Thread 0x0000026c359f98b0 Uncommon trap: trap_request=0xffffff45 fr.pc=0x0000026c208c7fb0 relative=0x00000000000011d0
Event: 3.071 Thread 0x0000026c359f98b0 Uncommon trap: reason=unstable_if action=reinterpret pc=0x0000026c208c7fb0 method=java.util.zip.ZipCoder.hash(Ljava/lang/String;)I @ 23 c2
Event: 3.071 Thread 0x0000026c359f98b0 DEOPT PACKING pc=0x0000026c208c7fb0 sp=0x000000c6c6ffd550
Event: 3.071 Thread 0x0000026c359f98b0 DEOPT UNPACKING pc=0x0000026c18e023a3 sp=0x000000c6c6ffd440 mode 2
Event: 3.071 Thread 0x0000026c359f98b0 Uncommon trap: trap_request=0xffffff45 fr.pc=0x0000026c208c4780 relative=0x00000000000006a0
Event: 3.071 Thread 0x0000026c359f98b0 Uncommon trap: reason=unstable_if action=reinterpret pc=0x0000026c208c4780 method=java.util.zip.ZipCoder.hash(Ljava/lang/String;)I @ 23 c2
Event: 3.071 Thread 0x0000026c359f98b0 DEOPT PACKING pc=0x0000026c208c4780 sp=0x000000c6c6ffd5b0
Event: 3.071 Thread 0x0000026c359f98b0 DEOPT UNPACKING pc=0x0000026c18e023a3 sp=0x000000c6c6ffd4f0 mode 2
Event: 3.071 Thread 0x0000026c359f98b0 Uncommon trap: trap_request=0xffffff45 fr.pc=0x0000026c208c3b78 relative=0x0000000000000258
Event: 3.071 Thread 0x0000026c359f98b0 Uncommon trap: reason=unstable_if action=reinterpret pc=0x0000026c208c3b78 method=java.util.zip.ZipCoder.hash(Ljava/lang/String;)I @ 23 c2
Event: 3.071 Thread 0x0000026c359f98b0 DEOPT PACKING pc=0x0000026c208c3b78 sp=0x000000c6c6ffd540
Event: 3.071 Thread 0x0000026c359f98b0 DEOPT UNPACKING pc=0x0000026c18e023a3 sp=0x000000c6c6ffd4e8 mode 2
Event: 3.076 Thread 0x0000026c359f98b0 Uncommon trap: trap_request=0xffffff45 fr.pc=0x0000026c208acff0 relative=0x0000000000000250
Event: 3.076 Thread 0x0000026c359f98b0 Uncommon trap: reason=unstable_if action=reinterpret pc=0x0000026c208acff0 method=java.util.StringTokenizer.scanToken(I)I @ 42 c2
Event: 3.076 Thread 0x0000026c359f98b0 DEOPT PACKING pc=0x0000026c208acff0 sp=0x000000c6c6ffd5e0
Event: 3.076 Thread 0x0000026c359f98b0 DEOPT UNPACKING pc=0x0000026c18e023a3 sp=0x000000c6c6ffd580 mode 2

Classes unloaded (0 events):
No events

Classes redefined (0 events):
No events

Internal exceptions (20 events):
Event: 2.426 Thread 0x0000026c359f98b0 Exception <a 'java/lang/IncompatibleClassChangeError'{0x0000000710ba1f00}: Found class java.lang.Object, but interface was expected> (0x0000000710ba1f00) 
thrown [t:\workspace\open\src\hotspot\share\interpreter\linkResolver.cpp, line 833]
Event: 2.576 Thread 0x0000026c3571a2e0 Exception <a 'java/lang/NoSuchMethodError'{0x0000000710171348}: 'void java.lang.invoke.DirectMethodHandle$Holder.invokeInterface(java.lang.Object, java.lang.Object, java.lang.Object, java.lang.Object)'> (0x0000000710171348) 
thrown [t:\workspace\open\src\hotspot\share\interpreter\linkResolver.cpp, line 766]
Event: 2.620 Thread 0x0000026c359f98b0 Exception <a 'java/lang/NoSuchMethodError'{0x000000070fed2898}: 'java.lang.Object java.lang.invoke.DirectMethodHandle$Holder.invokeVirtual(java.lang.Object, java.lang.Object, java.lang.Object)'> (0x000000070fed2898) 
thrown [t:\workspace\open\src\hotspot\share\interpreter\linkResolver.cpp, line 766]
Event: 2.657 Thread 0x0000026c359f98b0 Implicit null exception at 0x0000026c208b9817 to 0x0000026c208b9d50
Event: 2.660 Thread 0x0000026c359f98b0 Implicit null exception at 0x0000026c208b4e17 to 0x0000026c208b5334
Event: 2.974 Thread 0x0000026c359f98b0 Exception <a 'java/lang/ClassNotFoundException'{0x0000000711142080}: java/lang/ObjectCustomizer> (0x0000000711142080) 
thrown [t:\workspace\open\src\hotspot\share\classfile\systemDictionary.cpp, line 256]
Event: 2.980 Thread 0x0000026c359f98b0 Exception <a 'java/lang/IncompatibleClassChangeError'{0x0000000711152b20}: Found class java.lang.Object, but interface was expected> (0x0000000711152b20) 
thrown [t:\workspace\open\src\hotspot\share\interpreter\linkResolver.cpp, line 833]
Event: 2.996 Thread 0x0000026c359f98b0 Exception <a 'java/lang/ClassNotFoundException'{0x0000000711176320}: org/springframework/context/annotation/ConfigurationClassPostProcessorCustomizer> (0x0000000711176320) 
thrown [t:\workspace\open\src\hotspot\share\classfile\systemDictionary.cpp, line 256]
Event: 3.004 Thread 0x0000026c359f98b0 Exception <a 'java/lang/ClassNotFoundException'{0x0000000711198e68}: org/springframework/beans/factory/support/BeanDefinitionRegistryPostProcessorCustomizer> (0x0000000711198e68) 
thrown [t:\workspace\open\src\hotspot\share\classfile\systemDictionary.cpp, line 256]
Event: 3.006 Thread 0x0000026c359f98b0 Exception <a 'java/lang/ClassNotFoundException'{0x000000071119e8c8}: org/springframework/beans/factory/config/BeanFactoryPostProcessorCustomizer> (0x000000071119e8c8) 
thrown [t:\workspace\open\src\hotspot\share\classfile\systemDictionary.cpp, line 256]
Event: 3.008 Thread 0x0000026c359f98b0 Exception <a 'java/lang/ClassNotFoundException'{0x00000007111a4058}: org/springframework/core/PriorityOrderedCustomizer> (0x00000007111a4058) 
thrown [t:\workspace\open\src\hotspot\share\classfile\systemDictionary.cpp, line 256]
Event: 3.009 Thread 0x0000026c359f98b0 Exception <a 'java/lang/ClassNotFoundException'{0x00000007111a8468}: org/springframework/core/OrderedCustomizer> (0x00000007111a8468) 
thrown [t:\workspace\open\src\hotspot\share\classfile\systemDictionary.cpp, line 256]
Event: 3.011 Thread 0x0000026c359f98b0 Exception <a 'java/lang/ClassNotFoundException'{0x00000007111adae0}: org/springframework/context/ResourceLoaderAwareCustomizer> (0x00000007111adae0) 
thrown [t:\workspace\open\src\hotspot\share\classfile\systemDictionary.cpp, line 256]
Event: 3.012 Thread 0x0000026c359f98b0 Exception <a 'java/lang/ClassNotFoundException'{0x00000007111b3368}: org/springframework/beans/factory/AwareCustomizer> (0x00000007111b3368) 
thrown [t:\workspace\open\src\hotspot\share\classfile\systemDictionary.cpp, line 256]
Event: 3.013 Thread 0x0000026c359f98b0 Exception <a 'java/lang/ClassNotFoundException'{0x00000007111b7b18}: org/springframework/context/ApplicationStartupAwareCustomizer> (0x00000007111b7b18) 
thrown [t:\workspace\open\src\hotspot\share\classfile\systemDictionary.cpp, line 256]
Event: 3.015 Thread 0x0000026c359f98b0 Exception <a 'java/lang/ClassNotFoundException'{0x0000000710ebda18}: org/springframework/beans/factory/AwareCustomizer> (0x0000000710ebda18) 
thrown [t:\workspace\open\src\hotspot\share\classfile\systemDictionary.cpp, line 256]
Event: 3.017 Thread 0x0000026c359f98b0 Exception <a 'java/lang/ClassNotFoundException'{0x0000000710ec2230}: org/springframework/beans/factory/BeanClassLoaderAwareCustomizer> (0x0000000710ec2230) 
thrown [t:\workspace\open\src\hotspot\share\classfile\systemDictionary.cpp, line 256]
Event: 3.018 Thread 0x0000026c359f98b0 Exception <a 'java/lang/ClassNotFoundException'{0x0000000710ec7aa0}: org/springframework/beans/factory/AwareCustomizer> (0x0000000710ec7aa0) 
thrown [t:\workspace\open\src\hotspot\share\classfile\systemDictionary.cpp, line 256]
Event: 3.019 Thread 0x0000026c359f98b0 Exception <a 'java/lang/ClassNotFoundException'{0x0000000710ecc010}: org/springframework/context/EnvironmentAwareCustomizer> (0x0000000710ecc010) 
thrown [t:\workspace\open\src\hotspot\share\classfile\systemDictionary.cpp, line 256]
Event: 3.020 Thread 0x0000026c359f98b0 Exception <a 'java/lang/ClassNotFoundException'{0x0000000710ed1818}: org/springframework/beans/factory/AwareCustomizer> (0x0000000710ed1818) 
thrown [t:\workspace\open\src\hotspot\share\classfile\systemDictionary.cpp, line 256]

VM Operations (20 events):
Event: 1.513 Executing VM operation: G1CollectForAllocation
Event: 1.524 Executing VM operation: G1CollectForAllocation done
Event: 1.694 Executing VM operation: HandshakeAllThreads
Event: 1.694 Executing VM operation: HandshakeAllThreads done
Event: 2.143 Executing VM operation: HandshakeAllThreads
Event: 2.143 Executing VM operation: HandshakeAllThreads done
Event: 2.427 Executing VM operation: ICBufferFull
Event: 2.428 Executing VM operation: ICBufferFull done
Event: 2.647 Executing VM operation: G1CollectForAllocation
Event: 2.654 Executing VM operation: G1CollectForAllocation done
Event: 2.777 Executing VM operation: HandshakeAllThreads
Event: 2.777 Executing VM operation: HandshakeAllThreads done
Event: 2.813 Executing VM operation: HandshakeAllThreads
Event: 2.813 Executing VM operation: HandshakeAllThreads done
Event: 2.818 Executing VM operation: HandshakeAllThreads
Event: 2.818 Executing VM operation: HandshakeAllThreads done
Event: 2.887 Executing VM operation: HandshakeAllThreads
Event: 2.887 Executing VM operation: HandshakeAllThreads done
Event: 3.053 Executing VM operation: HandshakeAllThreads
Event: 3.053 Executing VM operation: HandshakeAllThreads done

Events (20 events):
Event: 3.091 loading class org/springframework/core/type/classreading/SimpleAnnotationMetadataReadingVisitor
Event: 3.091 loading class org/springframework/core/type/classreading/SimpleAnnotationMetadataReadingVisitor done
Event: 3.092 loading class com/fasterxml/classmate/members/RawMember
Event: 3.092 loading class com/fasterxml/classmate/members/RawMember done
Event: 3.092 loading class org/springframework/asm/MethodVisitor
Event: 3.092 loading class org/springframework/asm/MethodVisitor done
Event: 3.093 loading class com/fasterxml/classmate/members/RawField
Event: 3.093 loading class com/fasterxml/classmate/members/RawField done
Event: 3.093 loading class org/springframework/core/type/classreading/SimpleMethodMetadataReadingVisitor
Event: 3.093 loading class org/springframework/core/type/classreading/SimpleMethodMetadataReadingVisitor done
Event: 3.093 loading class com/fasterxml/classmate/members/RawMethod
Event: 3.093 loading class com/fasterxml/classmate/members/RawMethod done
Event: 3.094 loading class com/fasterxml/classmate/TypeBindings
Event: 3.094 loading class com/fasterxml/classmate/TypeBindings done
Event: 3.095 loading class org/springframework/asm/ClassReader
Event: 3.095 loading class org/springframework/asm/ClassReader done
Event: 3.095 loading class com/fasterxml/classmate/types/ResolvedPrimitiveType
Event: 3.095 loading class com/fasterxml/classmate/types/ResolvedPrimitiveType done
Event: 3.097 loading class com/fasterxml/classmate/util/ClassKey
Event: 3.097 loading class com/fasterxml/classmate/util/ClassKey done


Dynamic libraries:
0x00007ff660c70000 - 0x00007ff660c80000 	C:\Program Files\Java\jdk-17.0.2\bin\java.exe
0x00007ff8a13f0000 - 0x00007ff8a15e8000 	C:\WINDOWS\SYSTEM32\ntdll.dll
0x00007ff89fd10000 - 0x00007ff89fdcd000 	C:\WINDOWS\System32\KERNEL32.DLL
0x00007ff89ecf0000 - 0x00007ff89efe6000 	C:\WINDOWS\System32\KERNELBASE.dll
0x00007ff89f080000 - 0x00007ff89f180000 	C:\WINDOWS\System32\ucrtbase.dll
0x00007ff885e90000 - 0x00007ff885ea8000 	C:\Program Files\Java\jdk-17.0.2\bin\jli.dll
0x00007ff89fdd0000 - 0x00007ff89fe83000 	C:\WINDOWS\System32\ADVAPI32.dll
0x00007ff89f860000 - 0x00007ff89f8fe000 	C:\WINDOWS\System32\msvcrt.dll
0x00007ff89fc60000 - 0x00007ff89fcff000 	C:\WINDOWS\System32\sechost.dll
0x00007ff8a1280000 - 0x00007ff8a13a6000 	C:\WINDOWS\System32\RPCRT4.dll
0x00007ff89eba0000 - 0x00007ff89ebc7000 	C:\WINDOWS\System32\bcrypt.dll
0x00007ff8a0550000 - 0x00007ff8a06ee000 	C:\WINDOWS\System32\USER32.dll
0x00007ff89eab0000 - 0x00007ff89ead2000 	C:\WINDOWS\System32\win32u.dll
0x00007ff8a1250000 - 0x00007ff8a127b000 	C:\WINDOWS\System32\GDI32.dll
0x00007ff89ebd0000 - 0x00007ff89ece7000 	C:\WINDOWS\System32\gdi32full.dll
0x00007ff89f2e0000 - 0x00007ff89f37d000 	C:\WINDOWS\System32\msvcp_win.dll
0x00007ff879d70000 - 0x00007ff87a00a000 	C:\WINDOWS\WinSxS\amd64_microsoft.windows.common-controls_6595b64144ccf1df_6.0.19041.3636_none_60b6a03d71f818d5\COMCTL32.dll
0x00007ff89d7d0000 - 0x00007ff89d7da000 	C:\WINDOWS\SYSTEM32\VERSION.dll
0x00007ff885c30000 - 0x00007ff885c4a000 	C:\Program Files\Java\jdk-17.0.2\bin\VCRUNTIME140.dll
0x00007ff89f710000 - 0x00007ff89f742000 	C:\WINDOWS\System32\IMM32.DLL
0x00007ff885a20000 - 0x00007ff885a2c000 	C:\Program Files\Java\jdk-17.0.2\bin\vcruntime140_1.dll
0x00007ff867610000 - 0x00007ff86769d000 	C:\Program Files\Java\jdk-17.0.2\bin\msvcp140.dll
0x00007fffeae00000 - 0x00007fffeb9c1000 	C:\Program Files\Java\jdk-17.0.2\bin\server\jvm.dll
0x00007ff89f430000 - 0x00007ff89f438000 	C:\WINDOWS\System32\PSAPI.DLL
0x00007ff88cf00000 - 0x00007ff88cf09000 	C:\WINDOWS\SYSTEM32\WSOCK32.dll
0x00007ff888ac0000 - 0x00007ff888ae7000 	C:\WINDOWS\SYSTEM32\WINMM.dll
0x00007ff8a04d0000 - 0x00007ff8a053b000 	C:\WINDOWS\System32\WS2_32.dll
0x00007ff89d6c0000 - 0x00007ff89d6d2000 	C:\WINDOWS\SYSTEM32\kernel.appcore.dll
0x00007ff885a10000 - 0x00007ff885a1a000 	C:\Program Files\Java\jdk-17.0.2\bin\jimage.dll
0x00007ff88cfd0000 - 0x00007ff88d1b4000 	C:\WINDOWS\SYSTEM32\DBGHELP.DLL
0x00007ff88cec0000 - 0x00007ff88cef4000 	C:\WINDOWS\SYSTEM32\dbgcore.DLL
0x00007ff89eff0000 - 0x00007ff89f072000 	C:\WINDOWS\System32\bcryptPrimitives.dll
0x00007ff871de0000 - 0x00007ff871e1b000 	C:\Program Files\Java\jdk-17.0.2\bin\jdwp.dll
0x00007ff895b20000 - 0x00007ff895b2e000 	C:\Program Files\Java\jdk-17.0.2\bin\instrument.dll
0x00007ff86b170000 - 0x00007ff86b195000 	C:\Program Files\Java\jdk-17.0.2\bin\java.dll
0x00007ff86d1b0000 - 0x00007ff86d1c8000 	C:\Program Files\Java\jdk-17.0.2\bin\zip.dll
0x00007ff862d00000 - 0x00007ff862dd6000 	C:\Program Files\Java\jdk-17.0.2\bin\jsvml.dll
0x00007ff8a0970000 - 0x00007ff8a10b5000 	C:\WINDOWS\System32\SHELL32.dll
0x00007ff89c850000 - 0x00007ff89cfec000 	C:\WINDOWS\SYSTEM32\windows.storage.dll
0x00007ff89f900000 - 0x00007ff89fc54000 	C:\WINDOWS\System32\combase.dll
0x00007ff89e4e0000 - 0x00007ff89e50e000 	C:\WINDOWS\SYSTEM32\Wldp.dll
0x00007ff8a10c0000 - 0x00007ff8a118d000 	C:\WINDOWS\System32\OLEAUT32.dll
0x00007ff8a0710000 - 0x00007ff8a07bd000 	C:\WINDOWS\System32\SHCORE.dll
0x00007ff89f570000 - 0x00007ff89f5c5000 	C:\WINDOWS\System32\shlwapi.dll
0x00007ff89e9e0000 - 0x00007ff89ea05000 	C:\WINDOWS\SYSTEM32\profapi.dll
0x00007ff8951f0000 - 0x00007ff8951fc000 	C:\Program Files\Java\jdk-17.0.2\bin\dt_socket.dll
0x00007ff89dea0000 - 0x00007ff89dedb000 	C:\WINDOWS\SYSTEM32\IPHLPAPI.DLL
0x00007ff89e1f0000 - 0x00007ff89e25a000 	C:\WINDOWS\system32\mswsock.dll
0x00007ff881ab0000 - 0x00007ff881ac9000 	C:\Program Files\Java\jdk-17.0.2\bin\net.dll
0x00007ff896b50000 - 0x00007ff896c5a000 	C:\WINDOWS\SYSTEM32\WINHTTP.dll
0x00007ff870b70000 - 0x00007ff870b86000 	C:\Program Files\Java\jdk-17.0.2\bin\nio.dll
0x00007ff88ac50000 - 0x00007ff88ac60000 	C:\Program Files\Java\jdk-17.0.2\bin\verify.dll
0x00007ff8951e0000 - 0x00007ff8951e9000 	C:\Program Files\Java\jdk-17.0.2\bin\management.dll
0x00007ff871e40000 - 0x00007ff871e4b000 	C:\Program Files\Java\jdk-17.0.2\bin\management_ext.dll
0x00007ff88aca0000 - 0x00007ff88acb7000 	C:\WINDOWS\system32\napinsp.dll
0x00007ff88ac80000 - 0x00007ff88ac9b000 	C:\WINDOWS\system32\pnrpnsp.dll
0x00007ff899310000 - 0x00007ff899325000 	C:\WINDOWS\system32\wshbth.dll
0x00007ff89a150000 - 0x00007ff89a16d000 	C:\WINDOWS\system32\NLAapi.dll
0x00007ff89dee0000 - 0x00007ff89dfab000 	C:\WINDOWS\SYSTEM32\DNSAPI.dll
0x00007ff8a0540000 - 0x00007ff8a0548000 	C:\WINDOWS\System32\NSI.dll
0x00007ff8706f0000 - 0x00007ff870702000 	C:\WINDOWS\System32\winrnr.dll
0x00007ff894660000 - 0x00007ff89466a000 	C:\Windows\System32\rasadhlp.dll
0x00007ff892500000 - 0x00007ff892580000 	C:\WINDOWS\System32\fwpuclnt.dll

dbghelp: loaded successfully - version: 4.0.5 - missing functions: none
symbol engine: initialized successfully - sym options: 0x614 - pdb path: .;C:\Program Files\Java\jdk-17.0.2\bin;C:\WINDOWS\SYSTEM32;C:\WINDOWS\WinSxS\amd64_microsoft.windows.common-controls_6595b64144ccf1df_6.0.19041.3636_none_60b6a03d71f818d5;C:\Program Files\Java\jdk-17.0.2\bin\server

VM Arguments:
jvm_args: -agentlib:jdwp=transport=dt_socket,address=127.0.0.1:61499,suspend=y,server=n -javaagent:C:\Users\ENA\AppData\Local\JetBrains\IdeaIC2021.3\captureAgent\debugger-agent.jar=file:/C:/Users/ENA/AppData/Local/Temp/capture.props -Dfile.encoding=UTF-8 
java_command: com.n11.RestaurantsApp.RestaurantsAppApplication
java_class_path (initial): C:\Users\ENA\Desktop\RestaurantsApp\RestaurantsApp\target\classes;C:\Users\ENA\.m2\repository\org\springframework\boot\spring-boot-starter\2.7.7\spring-boot-starter-2.7.7.jar;C:\Users\ENA\.m2\repository\org\springframework\boot\spring-boot\2.7.7\spring-boot-2.7.7.jar;C:\Users\ENA\.m2\repository\org\springframework\boot\spring-boot-autoconfigure\2.7.7\spring-boot-autoconfigure-2.7.7.jar;C:\Users\ENA\.m2\repository\org\springframework\boot\spring-boot-starter-logging\2.7.7\spring-boot-starter-logging-2.7.7.jar;C:\Users\ENA\.m2\repository\ch\qos\logback\logback-classic\1.2.11\logback-classic-1.2.11.jar;C:\Users\ENA\.m2\repository\ch\qos\logback\logback-core\1.2.11\logback-core-1.2.11.jar;C:\Users\ENA\.m2\repository\org\apache\logging\log4j\log4j-to-slf4j\2.17.2\log4j-to-slf4j-2.17.2.jar;C:\Users\ENA\.m2\repository\org\apache\logging\log4j\log4j-api\2.17.2\log4j-api-2.17.2.jar;C:\Users\ENA\.m2\repository\org\slf4j\jul-to-slf4j\1.7.36\jul-to-slf4j-1.7.36.jar;C:\Users\ENA\.m2\repository\jakarta\annotation\jakarta.annotation-api\1.3.5\jakarta.annotation-api-1.3.5.jar;C:\Users\ENA\.m2\repository\org\springframework\spring-core\5.3.24\spring-core-5.3.24.jar;C:\Users\ENA\.m2\repository\org\springframework\spring-jcl\5.3.24\spring-jcl-5.3.24.jar;C:\Users\ENA\.m2\repository\org\yaml\snakeyaml\1.30\snakeyaml-1.30.jar;C:\Users\ENA\.m2\repository\org\springframework\boot\spring-boot-starter-web\2.7.7\spring-boot-starter-web-2.7.7.jar;C:\Users\ENA\.m2\repository\org\springframework\boot\spring-boot-starter-json\2.7.7\spring-boot-starter-json-2.7.7.jar;C:\Users\ENA\.m2\repository\com\fasterxml\jackson\datatype\jackson-datatype-jdk8\2.13.4\jackson-datatype-jdk8-2.13.4.jar;C:\Users\ENA\.m2\repository\com\fasterxml\jackson\datatype\jackson-datatype-jsr310\2.13.4\jackson-datatype-jsr310-2.13.4.jar;C:\Users\ENA\.m2\repository\com\fasterxml\jackson\module\jackson-module-parameter-names\2.13.4\jackson-module-parameter-names-2.13.4.jar;C:\Users\ENA\.m2\repositor
Launcher Type: SUN_STANDARD

[Global flags]
     intx CICompilerCount                          = 4                                         {product} {ergonomic}
     uint ConcGCThreads                            = 2                                         {product} {ergonomic}
     uint G1ConcRefinementThreads                  = 8                                         {product} {ergonomic}
   size_t G1HeapRegionSize                         = 2097152                                   {product} {ergonomic}
    uintx GCDrainStackTargetSize                   = 64                                        {product} {ergonomic}
   size_t InitialHeapSize                          = 268435456                                 {product} {ergonomic}
   size_t MarkStackSize                            = 4194304                                   {product} {ergonomic}
   size_t MaxHeapSize                              = 4265607168                                {product} {ergonomic}
   size_t MaxNewSize                               = 2558525440                                {product} {ergonomic}
   size_t MinHeapDeltaBytes                        = 2097152                                   {product} {ergonomic}
   size_t MinHeapSize                              = 8388608                                   {product} {ergonomic}
    uintx NonNMethodCodeHeapSize                   = 5839372                                {pd product} {ergonomic}
    uintx NonProfiledCodeHeapSize                  = 122909434                              {pd product} {ergonomic}
    uintx ProfiledCodeHeapSize                     = 122909434                              {pd product} {ergonomic}
    uintx ReservedCodeCacheSize                    = 251658240                              {pd product} {ergonomic}
     bool SegmentedCodeCache                       = true                                      {product} {ergonomic}
   size_t SoftMaxHeapSize                          = 4265607168                             {manageable} {ergonomic}
     bool UseCompressedClassPointers               = true                           {product lp64_product} {ergonomic}
     bool UseCompressedOops                        = true                           {product lp64_product} {ergonomic}
     bool UseG1GC                                  = true                                      {product} {ergonomic}
     bool UseLargePagesIndividualAllocation        = false                                  {pd product} {ergonomic}

Logging:
Log output configuration:
 #0: stdout all=warning uptime,level,tags
 #1: stderr all=off uptime,level,tags

Environment Variables:
JAVA_HOME=C:\Program Files\Java\jdk-17.0.2
PATH=C:\Python310\Scripts\;C:\Python310\;C:\Program Files (x86)\Intel\iCLS Client\;C:\Program Files\Intel\iCLS Client\;C:\Windows\system32;C:\Windows;C:\Windows\System32\Wbem;C:\Windows\System32\WindowsPowerShell\v1.0\;C:\Program Files (x86)\NVIDIA Corporation\PhysX\Common;C:\Program Files (x86)\Intel\Intel(R) Management Engine Components\DAL;C:\Program Files\Intel\Intel(R) Management Engine Components\DAL;C:\Program Files (x86)\Intel\Intel(R) Management Engine Components\IPT;C:\Program Files\Intel\Intel(R) Management Engine Components\IPT;C:\Program Files\Intel\WiFi\bin\;C:\Program Files\Common Files\Intel\WirelessCommon\;C:\WINDOWS\system32;C:\WINDOWS;C:\WINDOWS\System32\Wbem;C:\WINDOWS\System32\WindowsPowerShell\v1.0\;C:\WINDOWS\System32\OpenSSH\;C:\ProgramData\chocolatey\bin;C:\Program Files\Java\jdk-17.0.2\bin;D:\POSTGRESQL\bin;C:\Program Files\nodejs\;C:\ProgramData\chocolatey\lib\maven\apache-maven-3.8.6\bin;C:\Program Files\dotnet\;C:\Program Files\Microsoft SQL Server\130\Tools\Binn\;C:\Program Files\Docker\Docker\resources\bin;C:\ProgramData\DockerDesktop\version-bin;C:\Program Files\Git\cmd;D:\xampp\php;C:\ProgramData\ComposerSetup\bin;C:\Program Files\Microsoft SQL Server\150\Tools\Binn\;C:\Program Files\Microsoft SQL Server\Client SDK\ODBC\170\Tools\Binn\;C:\Program Files\Azure Data Studio\bin;C:\Program Files (x86)\Microsoft SQL Server\150\Tools\Binn\;C:\Program Files\Microsoft SQL Server\150\DTS\Binn\;C:\Program Files\Google\Chrome\Application\chrome.exe;C:\Program Files (x86)\Microsoft SQL Server\160\Tools\Binn\;C:\Program Files\Microsoft SQL Server\160\Tools\Binn\;C:\Program Files\Microsoft SQL Server\160\DTS\Binn\;C:\Program Files (x86)\Microsoft SQL Server\160\DTS\Binn\;C:\Users\ENA\AppData\Local\Microsoft\WindowsApps;D:\Microsoft VS Code\bin;C:\Users\ENA\AppData\Local\Android\Sdk\platform-tools;C:\Program Files\Java\jdk-17.0.2\bin;C:\Program Files\JetBrains\IntelliJ IDEA Community Edition 2021.3.3\bin;;D:\Intellij\CLion 2021.3.3\bin;;D:\POSTGRESQL\b
USERNAME=ENA
OS=Windows_NT
PROCESSOR_IDENTIFIER=Intel64 Family 6 Model 158 Stepping 9, GenuineIntel



---------------  S Y S T E M  ---------------

OS:
 Windows 10 , 64 bit Build 19041 (10.0.19041.3636)
OS uptime: 9 days 18:09 hours
Hyper-V role detected

CPU: total 8 (initial active 8) (4 cores per cpu, 2 threads per core) family 6 model 158 stepping 9 microcode 0xb4, cx8, cmov, fxsr, ht, mmx, 3dnowpref, sse, sse2, sse3, ssse3, sse4.1, sse4.2, popcnt, lzcnt, tsc, tscinvbit, avx, avx2, aes, erms, clmul, bmi1, bmi2, adx, fma, vzeroupper, clflush, clflushopt, hv

Memory: 4k page, system-wide physical 16264M (3714M free)
TotalPageFile size 19830M (AvailPageFile size 11M)
current process WorkingSet (physical memory assigned to process): 108M, peak: 108M
current process commit charge ("private bytes"): 376M, peak: 376M

vm_info: Java HotSpot(TM) 64-Bit Server VM (17.0.2+8-LTS-86) for windows-amd64 JRE (17.0.2+8-LTS-86), built on Dec  7 2021 21:51:03 by "mach5one" with MS VC++ 16.8 / 16.9 (VS2019)

END.
